{"/home/ever/workspace/aprende-tdd/src/Calculator.jsx": {"path":"/home/ever/workspace/aprende-tdd/src/Calculator.jsx","all":false,"statementMap":{"0":{"start":{"line":1,"column":0},"end":{"line":1,"column":35}},"1":{"start":{"line":2,"column":0},"end":{"line":2,"column":25}},"2":{"start":{"line":3,"column":0},"end":{"line":3,"column":34}},"3":{"start":{"line":4,"column":0},"end":{"line":4,"column":40}},"4":{"start":{"line":5,"column":0},"end":{"line":5,"column":0}},"5":{"start":{"line":6,"column":0},"end":{"line":6,"column":54}},"6":{"start":{"line":7,"column":0},"end":{"line":7,"column":0}},"7":{"start":{"line":8,"column":0},"end":{"line":8,"column":21}},"8":{"start":{"line":9,"column":0},"end":{"line":9,"column":12}},"9":{"start":{"line":10,"column":0},"end":{"line":10,"column":12}},"10":{"start":{"line":11,"column":0},"end":{"line":11,"column":12}},"11":{"start":{"line":12,"column":0},"end":{"line":12,"column":5}},"12":{"start":{"line":13,"column":0},"end":{"line":13,"column":2}},"13":{"start":{"line":14,"column":0},"end":{"line":14,"column":0}},"14":{"start":{"line":15,"column":0},"end":{"line":15,"column":47}},"15":{"start":{"line":16,"column":0},"end":{"line":16,"column":29}},"16":{"start":{"line":17,"column":0},"end":{"line":17,"column":0}},"17":{"start":{"line":18,"column":0},"end":{"line":18,"column":26}},"18":{"start":{"line":19,"column":0},"end":{"line":19,"column":41}},"19":{"start":{"line":20,"column":0},"end":{"line":20,"column":0}},"20":{"start":{"line":21,"column":0},"end":{"line":21,"column":61}},"21":{"start":{"line":22,"column":0},"end":{"line":22,"column":0}},"22":{"start":{"line":23,"column":0},"end":{"line":23,"column":10}},"23":{"start":{"line":24,"column":0},"end":{"line":24,"column":13}},"24":{"start":{"line":25,"column":0},"end":{"line":25,"column":25}},"25":{"start":{"line":26,"column":0},"end":{"line":26,"column":38}},"26":{"start":{"line":27,"column":0},"end":{"line":27,"column":23}},"27":{"start":{"line":28,"column":0},"end":{"line":28,"column":9}},"28":{"start":{"line":29,"column":0},"end":{"line":29,"column":36}},"29":{"start":{"line":30,"column":0},"end":{"line":30,"column":20}},"30":{"start":{"line":31,"column":0},"end":{"line":31,"column":42}},"31":{"start":{"line":32,"column":0},"end":{"line":32,"column":17}},"32":{"start":{"line":33,"column":0},"end":{"line":33,"column":37}},"33":{"start":{"line":34,"column":0},"end":{"line":34,"column":28}},"34":{"start":{"line":35,"column":0},"end":{"line":35,"column":85}},"35":{"start":{"line":36,"column":0},"end":{"line":36,"column":32}},"36":{"start":{"line":37,"column":0},"end":{"line":37,"column":31}},"37":{"start":{"line":38,"column":0},"end":{"line":38,"column":21}},"38":{"start":{"line":39,"column":0},"end":{"line":39,"column":20}},"39":{"start":{"line":40,"column":0},"end":{"line":40,"column":17}},"40":{"start":{"line":41,"column":0},"end":{"line":41,"column":20}},"41":{"start":{"line":42,"column":0},"end":{"line":42,"column":13}},"42":{"start":{"line":43,"column":0},"end":{"line":43,"column":12}},"43":{"start":{"line":44,"column":0},"end":{"line":44,"column":9}},"44":{"start":{"line":45,"column":0},"end":{"line":45,"column":9}},"45":{"start":{"line":46,"column":0},"end":{"line":46,"column":39}},"46":{"start":{"line":47,"column":0},"end":{"line":47,"column":20}},"47":{"start":{"line":48,"column":0},"end":{"line":48,"column":83}},"48":{"start":{"line":49,"column":0},"end":{"line":49,"column":27}},"49":{"start":{"line":50,"column":0},"end":{"line":50,"column":23}},"50":{"start":{"line":51,"column":0},"end":{"line":51,"column":13}},"51":{"start":{"line":52,"column":0},"end":{"line":52,"column":12}},"52":{"start":{"line":53,"column":0},"end":{"line":53,"column":9}},"53":{"start":{"line":54,"column":0},"end":{"line":54,"column":58}},"54":{"start":{"line":55,"column":0},"end":{"line":55,"column":21}},"55":{"start":{"line":56,"column":0},"end":{"line":56,"column":17}},"56":{"start":{"line":57,"column":0},"end":{"line":57,"column":12}},"57":{"start":{"line":58,"column":0},"end":{"line":58,"column":14}},"58":{"start":{"line":59,"column":0},"end":{"line":59,"column":4}},"59":{"start":{"line":60,"column":0},"end":{"line":60,"column":1}},"60":{"start":{"line":61,"column":0},"end":{"line":61,"column":0}},"61":{"start":{"line":62,"column":0},"end":{"line":62,"column":26}}},"s":{"0":1,"1":1,"2":1,"3":1,"4":1,"5":1,"6":1,"7":1,"8":1,"9":1,"10":1,"11":1,"12":0,"13":1,"14":1,"15":1,"16":1,"17":1,"18":22,"19":22,"20":22,"21":22,"22":22,"23":22,"24":22,"25":22,"26":22,"27":22,"28":22,"29":88,"30":88,"31":88,"32":88,"33":220,"34":220,"35":220,"36":220,"37":220,"38":88,"39":88,"40":88,"41":88,"42":22,"43":22,"44":22,"45":22,"46":88,"47":88,"48":88,"49":88,"50":88,"51":22,"52":22,"53":22,"54":22,"55":22,"56":22,"57":22,"58":22,"59":22,"60":1,"61":1},"branchMap":{"0":{"type":"branch","line":6,"loc":{"start":{"line":6,"column":52},"end":{"line":6,"column":54}},"locations":[{"start":{"line":6,"column":52},"end":{"line":6,"column":54}}]},"1":{"type":"branch","line":15,"loc":{"start":{"line":15,"column":45},"end":{"line":15,"column":47}},"locations":[{"start":{"line":15,"column":45},"end":{"line":15,"column":47}}]},"2":{"type":"branch","line":16,"loc":{"start":{"line":16,"column":25},"end":{"line":16,"column":29}},"locations":[{"start":{"line":16,"column":25},"end":{"line":16,"column":29}}]},"3":{"type":"branch","line":18,"loc":{"start":{"line":18,"column":19},"end":{"line":60,"column":1}},"locations":[{"start":{"line":18,"column":19},"end":{"line":60,"column":1}}]},"4":{"type":"branch","line":21,"loc":{"start":{"line":21,"column":28},"end":{"line":21,"column":61}},"locations":[{"start":{"line":21,"column":28},"end":{"line":21,"column":61}}]},"5":{"type":"branch","line":29,"loc":{"start":{"line":29,"column":19},"end":{"line":43,"column":11}},"locations":[{"start":{"line":29,"column":19},"end":{"line":43,"column":11}}]},"6":{"type":"branch","line":33,"loc":{"start":{"line":33,"column":26},"end":{"line":39,"column":19}},"locations":[{"start":{"line":33,"column":26},"end":{"line":39,"column":19}}]},"7":{"type":"branch","line":35,"loc":{"start":{"line":35,"column":39},"end":{"line":35,"column":77}},"locations":[{"start":{"line":35,"column":39},"end":{"line":35,"column":77}}]},"8":{"type":"branch","line":46,"loc":{"start":{"line":46,"column":25},"end":{"line":52,"column":11}},"locations":[{"start":{"line":46,"column":25},"end":{"line":52,"column":11}}]},"9":{"type":"branch","line":48,"loc":{"start":{"line":48,"column":31},"end":{"line":48,"column":72}},"locations":[{"start":{"line":48,"column":31},"end":{"line":48,"column":72}}]},"10":{"type":"branch","line":54,"loc":{"start":{"line":54,"column":25},"end":{"line":54,"column":58}},"locations":[{"start":{"line":54,"column":25},"end":{"line":54,"column":58}}]}},"b":{"0":[1],"1":[1],"2":[1],"3":[22],"4":[10],"5":[88],"6":[220],"7":[8],"8":[88],"9":[2],"10":[1]},"fnMap":{"0":{"name":"get","decl":{"start":{"line":6,"column":52},"end":{"line":6,"column":54}},"loc":{"start":{"line":6,"column":52},"end":{"line":6,"column":54}},"line":6},"1":{"name":"get","decl":{"start":{"line":13,"column":0},"end":{"line":13,"column":2}},"loc":{"start":{"line":13,"column":0},"end":{"line":13,"column":2}},"line":13},"2":{"name":"get","decl":{"start":{"line":15,"column":45},"end":{"line":15,"column":47}},"loc":{"start":{"line":15,"column":45},"end":{"line":15,"column":47}},"line":15},"3":{"name":"get","decl":{"start":{"line":16,"column":25},"end":{"line":16,"column":29}},"loc":{"start":{"line":16,"column":25},"end":{"line":16,"column":29}},"line":16},"4":{"name":"Calculator","decl":{"start":{"line":18,"column":19},"end":{"line":60,"column":1}},"loc":{"start":{"line":18,"column":19},"end":{"line":60,"column":1}},"line":18},"5":{"name":"createHandleClick","decl":{"start":{"line":21,"column":28},"end":{"line":21,"column":61}},"loc":{"start":{"line":21,"column":28},"end":{"line":21,"column":61}},"line":21},"6":{"name":"onClick","decl":{"start":{"line":35,"column":39},"end":{"line":35,"column":77}},"loc":{"start":{"line":35,"column":39},"end":{"line":35,"column":77}},"line":35},"7":{"name":"onClick","decl":{"start":{"line":48,"column":31},"end":{"line":48,"column":72}},"loc":{"start":{"line":48,"column":31},"end":{"line":48,"column":72}},"line":48},"8":{"name":"onClick","decl":{"start":{"line":54,"column":25},"end":{"line":54,"column":58}},"loc":{"start":{"line":54,"column":25},"end":{"line":54,"column":58}},"line":54}},"f":{"0":1,"1":0,"2":1,"3":1,"4":22,"5":10,"6":8,"7":2,"8":1}}
,"/home/ever/workspace/aprende-tdd/src/fizzbuzz.ts": {"path":"/home/ever/workspace/aprende-tdd/src/fizzbuzz.ts","all":false,"statementMap":{"0":{"start":{"line":1,"column":0},"end":{"line":1,"column":2}},"1":{"start":{"line":2,"column":0},"end":{"line":2,"column":46}},"2":{"start":{"line":3,"column":0},"end":{"line":3,"column":39}},"3":{"start":{"line":4,"column":0},"end":{"line":4,"column":39}},"4":{"start":{"line":5,"column":0},"end":{"line":5,"column":47}},"5":{"start":{"line":6,"column":0},"end":{"line":6,"column":69}},"6":{"start":{"line":7,"column":0},"end":{"line":7,"column":2}},"7":{"start":{"line":8,"column":0},"end":{"line":8,"column":0}},"8":{"start":{"line":9,"column":0},"end":{"line":9,"column":54}},"9":{"start":{"line":10,"column":0},"end":{"line":10,"column":89}},"10":{"start":{"line":11,"column":0},"end":{"line":11,"column":83}},"11":{"start":{"line":12,"column":0},"end":{"line":12,"column":0}},"12":{"start":{"line":13,"column":0},"end":{"line":13,"column":46}},"13":{"start":{"line":14,"column":0},"end":{"line":14,"column":18}},"14":{"start":{"line":15,"column":0},"end":{"line":15,"column":0}},"15":{"start":{"line":16,"column":0},"end":{"line":16,"column":8}},"16":{"start":{"line":17,"column":0},"end":{"line":17,"column":24}},"17":{"start":{"line":18,"column":0},"end":{"line":18,"column":44}},"18":{"start":{"line":19,"column":0},"end":{"line":19,"column":52}},"19":{"start":{"line":20,"column":0},"end":{"line":20,"column":6}},"20":{"start":{"line":21,"column":0},"end":{"line":21,"column":0}},"21":{"start":{"line":22,"column":0},"end":{"line":22,"column":41}},"22":{"start":{"line":23,"column":0},"end":{"line":23,"column":1}}},"s":{"0":1,"1":1,"2":1,"3":1,"4":1,"5":1,"6":1,"7":1,"8":1,"9":13,"10":13,"11":10,"12":10,"13":10,"14":10,"15":10,"16":10,"17":10,"18":20,"19":10,"20":10,"21":13,"22":13},"branchMap":{"0":{"type":"branch","line":9,"loc":{"start":{"line":9,"column":53},"end":{"line":23,"column":1}},"locations":[{"start":{"line":9,"column":53},"end":{"line":23,"column":1}}]},"1":{"type":"branch","line":10,"loc":{"start":{"line":10,"column":34},"end":{"line":10,"column":89}},"locations":[{"start":{"line":10,"column":34},"end":{"line":10,"column":89}}]},"2":{"type":"branch","line":10,"loc":{"start":{"line":10,"column":87},"end":{"line":11,"column":34}},"locations":[{"start":{"line":10,"column":87},"end":{"line":11,"column":34}}]},"3":{"type":"branch","line":11,"loc":{"start":{"line":11,"column":28},"end":{"line":11,"column":83}},"locations":[{"start":{"line":11,"column":28},"end":{"line":11,"column":83}}]},"4":{"type":"branch","line":11,"loc":{"start":{"line":11,"column":81},"end":{"line":22,"column":25}},"locations":[{"start":{"line":11,"column":81},"end":{"line":22,"column":25}}]},"5":{"type":"branch","line":22,"loc":{"start":{"line":22,"column":20},"end":{"line":22,"column":34}},"locations":[{"start":{"line":22,"column":20},"end":{"line":22,"column":34}}]},"6":{"type":"branch","line":22,"loc":{"start":{"line":22,"column":25},"end":{"line":22,"column":41}},"locations":[{"start":{"line":22,"column":25},"end":{"line":22,"column":41}}]},"7":{"type":"branch","line":18,"loc":{"start":{"line":18,"column":13},"end":{"line":20,"column":5}},"locations":[{"start":{"line":18,"column":13},"end":{"line":20,"column":5}}]},"8":{"type":"branch","line":19,"loc":{"start":{"line":19,"column":37},"end":{"line":19,"column":52}},"locations":[{"start":{"line":19,"column":37},"end":{"line":19,"column":52}}]},"9":{"type":"branch","line":23,"loc":{"start":{"line":23,"column":0},"end":{"line":23,"column":1}},"locations":[{"start":{"line":23,"column":0},"end":{"line":23,"column":1}}]}},"b":{"0":[13],"1":[2],"2":[11],"3":[1],"4":[10],"5":[2],"6":[8],"7":[20],"8":[9],"9":[13]},"fnMap":{"0":{"name":"fizzbuzz","decl":{"start":{"line":9,"column":53},"end":{"line":23,"column":1}},"loc":{"start":{"line":9,"column":53},"end":{"line":23,"column":1}},"line":9},"1":{"name":"get","decl":{"start":{"line":23,"column":0},"end":{"line":23,"column":1}},"loc":{"start":{"line":23,"column":0},"end":{"line":23,"column":1}},"line":23}},"f":{"0":13,"1":13}}
}
